03-15-2017 @ 10:00:34 - customers request: Array
(
    [email] => subrat@uniterrene.com
    [description] => Subrat Barik
)

03-15-2017 @ 10:00:35 - Error: Stripe no longer supports API requests made with TLS 1.0. Please initiate HTTPS connections with TLS 1.2 or later. You can learn more about this at https://stripe.com/blog/upgrading-tls.
03-16-2017 @ 06:50:15 - Info: Begin processing payment for order 235 for the amount of 110
03-16-2017 @ 06:50:15 - charges request: Array
(
    [currency] => usd
    [amount] => 11000
    [description] => Dewor Baby - Order 235
    [capture] => true
    [expand[]] => balance_transaction
    [source] => tok_19xsR4IEGsEwwRIx3lYrIltR
)

03-16-2017 @ 06:50:16 - Error: Stripe no longer supports API requests made with TLS 1.0. Please initiate HTTPS connections with TLS 1.2 or later. You can learn more about this at https://stripe.com/blog/upgrading-tls.
03-16-2017 @ 12:47:32 - Info: Begin processing payment for order 263 for the amount of 110
03-16-2017 @ 12:47:32 - charges request: Array
(
    [currency] => usd
    [amount] => 11000
    [description] => Dewor Baby - Order 263
    [capture] => true
    [expand[]] => balance_transaction
    [source] => tok_19xy0qIEGsEwwRIx2UNPiC0t
)

03-16-2017 @ 12:47:33 - Error: Stripe no longer supports API requests made with TLS 1.0. Please initiate HTTPS connections with TLS 1.2 or later. You can learn more about this at https://stripe.com/blog/upgrading-tls.
03-17-2017 @ 11:13:55 - Info: Begin processing payment for order 306 for the amount of 110
03-17-2017 @ 11:13:55 - charges request: Array
(
    [currency] => usd
    [amount] => 11000
    [description] => Dewor Baby - Order 306
    [capture] => true
    [expand[]] => balance_transaction
    [source] => tok_19yJ1nIEGsEwwRIxzcpq58Lw
)

03-17-2017 @ 11:13:56 - Error: Stripe no longer supports API requests made with TLS 1.0. Please initiate HTTPS connections with TLS 1.2 or later. You can learn more about this at https://stripe.com/blog/upgrading-tls.
03-17-2017 @ 12:45:04 - customers request: Array
(
    [email] => subrat@uniterrene.com
    [description] => Subrat Barik
)

03-17-2017 @ 12:45:05 - Error: Stripe no longer supports API requests made with TLS 1.0. Please initiate HTTPS connections with TLS 1.2 or later. You can learn more about this at https://stripe.com/blog/upgrading-tls.
03-17-2017 @ 13:11:58 - customers request: Array
(
    [email] => akash@uniterrene.com
    [description] => akash dutta
)

03-17-2017 @ 13:11:59 - Error: Stripe no longer supports API requests made with TLS 1.0. Please initiate HTTPS connections with TLS 1.2 or later. You can learn more about this at https://stripe.com/blog/upgrading-tls.
03-17-2017 @ 17:57:20 - Info: Begin processing payment for order 325 for the amount of 110
03-17-2017 @ 17:57:20 - charges request: Array
(
    [currency] => usd
    [amount] => 11000
    [description] => Dewor Baby - Order 325
    [capture] => true
    [expand[]] => balance_transaction
    [source] => tok_19yPKBIEGsEwwRIxqLbNxLNx
)

03-17-2017 @ 17:57:20 - Error: Stripe no longer supports API requests made with TLS 1.0. Please initiate HTTPS connections with TLS 1.2 or later. You can learn more about this at https://stripe.com/blog/upgrading-tls.
03-18-2017 @ 08:25:24 - customers request: Array
(
    [email] => subrat@uniterrene.com
    [description] => Subrat Barik
)

03-18-2017 @ 08:25:24 - Error: Stripe no longer supports API requests made with TLS 1.0. Please initiate HTTPS connections with TLS 1.2 or later. You can learn more about this at https://stripe.com/blog/upgrading-tls.
03-18-2017 @ 11:06:20 - customers request: Array
(
    [email] => subrat@uniterrene.com
    [description] => Subrat Barik
)

03-18-2017 @ 11:06:20 - Error: Stripe no longer supports API requests made with TLS 1.0. Please initiate HTTPS connections with TLS 1.2 or later. You can learn more about this at https://stripe.com/blog/upgrading-tls.
03-18-2017 @ 12:15:01 - customers request: Array
(
    [email] => subrat@uniterrene.com
    [description] => Subrat Barik
)

03-18-2017 @ 12:15:02 - Error: Stripe no longer supports API requests made with TLS 1.0. Please initiate HTTPS connections with TLS 1.2 or later. You can learn more about this at https://stripe.com/blog/upgrading-tls.
03-18-2017 @ 12:18:47 - customers request: Array
(
    [email] => subrat@uniterrene.com
    [description] => Subrat Barik
)

03-18-2017 @ 12:18:47 - Error: Stripe no longer supports API requests made with TLS 1.0. Please initiate HTTPS connections with TLS 1.2 or later. You can learn more about this at https://stripe.com/blog/upgrading-tls.
03-18-2017 @ 12:24:24 - customers request: Array
(
    [email] => subrat@uniterrene.com
    [description] => Subrat Barik
)

03-18-2017 @ 12:24:24 - Error: Stripe no longer supports API requests made with TLS 1.0. Please initiate HTTPS connections with TLS 1.2 or later. You can learn more about this at https://stripe.com/blog/upgrading-tls.
03-18-2017 @ 13:01:55 - Error: Please enter your card details to make a payment. Developers: Please make sure that you are including jQuery and there are no JavaScript errors on the page.
03-22-2017 @ 14:02:05 - customers request: Array
(
    [email] => akash@uniterrene.com
    [description] => akash dutta
)

03-22-2017 @ 14:02:05 - Error: Stripe no longer supports API requests made with TLS 1.0. Please initiate HTTPS connections with TLS 1.2 or later. You can learn more about this at https://stripe.com/blog/upgrading-tls.
04-06-2017 @ 12:28:20 - Info: Begin processing payment for order 690 for the amount of 110
04-06-2017 @ 12:28:20 - charges request: Array
(
    [currency] => usd
    [amount] => 11000
    [description] => Dewor Baby - Order 690
    [capture] => true
    [expand[]] => balance_transaction
    [source] => tok_1A5ZimIEGsEwwRIxyHAkuaU8
)

04-06-2017 @ 12:28:21 - Error: Stripe no longer supports API requests made with TLS 1.0. Please initiate HTTPS connections with TLS 1.2 or later. You can learn more about this at https://stripe.com/blog/upgrading-tls.
04-12-2017 @ 06:48:47 - customers request: Array
(
    [email] => akash@uniterrene.com
    [description] => akash dutta
)

04-12-2017 @ 06:48:48 - Error: Stripe no longer supports API requests made with TLS 1.0. Please initiate HTTPS connections with TLS 1.2 or later. You can learn more about this at https://stripe.com/blog/upgrading-tls.
04-12-2017 @ 10:48:41 - customers request: Array
(
    [email] => akash@uniterrene.com
    [description] => akash dutta
)

04-12-2017 @ 10:48:41 - Error: Stripe no longer supports API requests made with TLS 1.0. Please initiate HTTPS connections with TLS 1.2 or later. You can learn more about this at https://stripe.com/blog/upgrading-tls.
04-13-2017 @ 04:54:20 - customers request: Array
(
    [email] => akash@uniterrene.com
    [description] => akash dutta
)

04-13-2017 @ 04:54:21 - Error: Stripe no longer supports API requests made with TLS 1.0. Please initiate HTTPS connections with TLS 1.2 or later. You can learn more about this at https://stripe.com/blog/upgrading-tls.
04-13-2017 @ 05:02:54 - customers request: Array
(
    [email] => abhik@uniterrene.com
    [description] => Abhik Jali
)

04-13-2017 @ 05:02:55 - Error: Stripe no longer supports API requests made with TLS 1.0. Please initiate HTTPS connections with TLS 1.2 or later. You can learn more about this at https://stripe.com/blog/upgrading-tls.
04-17-2017 @ 07:16:49 - Info: Begin processing payment for order 786 for the amount of 110
04-17-2017 @ 07:16:49 - charges request: Array
(
    [currency] => usd
    [amount] => 11000
    [description] => Dewor Baby - Order 786
    [capture] => true
    [expand[]] => balance_transaction
    [source] => tok_1A9U6LIEGsEwwRIx0aM3mJKk
)

04-17-2017 @ 07:16:50 - Error: Stripe no longer supports API requests made with TLS 1.0. Please initiate HTTPS connections with TLS 1.2 or later. You can learn more about this at https://stripe.com/blog/upgrading-tls.
04-18-2017 @ 07:43:01 - customers request: Array
(
    [email] => akash@uniterrene.com
    [description] => akash dutta
)

04-18-2017 @ 07:43:02 - Error: Stripe no longer supports API requests made with TLS 1.0. Please initiate HTTPS connections with TLS 1.2 or later. You can learn more about this at https://stripe.com/blog/upgrading-tls.
04-18-2017 @ 07:53:23 - customers request: Array
(
    [email] => akash@uniterrene.com
    [description] => akash dutta
)

04-18-2017 @ 07:53:23 - Error: Stripe no longer supports API requests made with TLS 1.0. Please initiate HTTPS connections with TLS 1.2 or later. You can learn more about this at https://stripe.com/blog/upgrading-tls.
04-18-2017 @ 08:09:26 - customers request: Array
(
    [email] => akash@uniterrene.com
    [description] => akash dutta
)

04-18-2017 @ 08:09:26 - Error: Stripe no longer supports API requests made with TLS 1.0. Please initiate HTTPS connections with TLS 1.2 or later. You can learn more about this at https://stripe.com/blog/upgrading-tls.
04-22-2017 @ 12:27:09 - customers request: Array
(
    [email] => abhik@uniterrene.com
    [description] => Abhik Jali
)

04-22-2017 @ 12:27:10 - Error: Stripe no longer supports API requests made with TLS 1.0. Please initiate HTTPS connections with TLS 1.2 or later. You can learn more about this at https://stripe.com/blog/upgrading-tls.
